<?xml version="1.0" encoding="UTF-8"?>
<!-- Generated by org.testng.reporters.JUnitXMLReporter -->
<testsuite hostname="Abhirami-PC" ignored="0" name="Command line test" tests="6" failures="0" timestamp="31 Jan 2020 19:37:05 GMT" time="55.473" errors="0">
  <testcase name="test1" time="1.332" classname="com.testng.maven.tests.AppTest"/>
  <testcase name="test2" time="0.372" classname="com.testng.maven.tests.AppTest"/>
  <testcase name="test3" time="0.522" classname="com.testng.maven.tests.AppTest"/>
  <testcase name="test4" time="0.274" classname="com.testng.maven.tests.AppTest"/>
  <testcase name="test5" time="8.034" classname="com.testng.maven.tests.AppTest"/>
  <testcase name="test6" time="0.153" classname="com.testng.maven.tests.AppTest"/>
</testsuite> <!-- Command line test -->
