<?xml version="1.0" encoding="UTF-8"?>
<testng-results skipped="0" failed="0" ignored="0" total="6" passed="6">
  <reporter-output>
  </reporter-output>
  <suite name="com.testng.maven.tests.AppTest" duration-ms="55473" started-at="2020-01-31T19:36:10Z" finished-at="2020-01-31T19:37:05Z">
    <groups>
    </groups>
    <test name="Command line test" duration-ms="55473" started-at="2020-01-31T19:36:10Z" finished-at="2020-01-31T19:37:05Z">
      <class name="com.testng.maven.tests.AppTest">
        <test-method status="PASS" signature="setUp()[pri:0, instance:com.testng.maven.tests.AppTest@6aaa5eb0]" name="setUp" is-config="true" duration-ms="9622" started-at="2020-01-31T19:36:10Z" finished-at="2020-01-31T19:36:19Z">
          <reporter-output>
          </reporter-output>
        </test-method> <!-- setUp -->
        <test-method status="PASS" signature="test1(java.lang.String, java.lang.String)[pri:0, instance:com.testng.maven.tests.AppTest@6aaa5eb0]" name="test1" duration-ms="1332" started-at="2020-01-31T19:36:19Z" data-provider="Test1Data" finished-at="2020-01-31T19:36:21Z">
          <params>
            <param index="0">
              <value>
                <![CDATA[admin@gmail.com]]>
              </value>
            </param>
            <param index="1">
              <value>
                <![CDATA[Password]]>
              </value>
            </param>
          </params>
          <reporter-output>
          </reporter-output>
        </test-method> <!-- test1 -->
        <test-method status="PASS" signature="tearDown()[pri:0, instance:com.testng.maven.tests.AppTest@6aaa5eb0]" name="tearDown" is-config="true" duration-ms="778" started-at="2020-01-31T19:36:21Z" finished-at="2020-01-31T19:36:21Z">
          <reporter-output>
          </reporter-output>
        </test-method> <!-- tearDown -->
        <test-method status="PASS" signature="setUp()[pri:0, instance:com.testng.maven.tests.AppTest@6aaa5eb0]" name="setUp" is-config="true" duration-ms="6408" started-at="2020-01-31T19:36:21Z" finished-at="2020-01-31T19:36:28Z">
          <reporter-output>
          </reporter-output>
        </test-method> <!-- setUp -->
        <test-method status="PASS" signature="test2(java.lang.String, java.lang.String)[pri:0, instance:com.testng.maven.tests.AppTest@6aaa5eb0]" name="test2" duration-ms="372" started-at="2020-01-31T19:36:28Z" data-provider="Test2Data" finished-at="2020-01-31T19:36:28Z">
          <params>
            <param index="0">
              <value>
                <![CDATA[List Item 2]]>
              </value>
            </param>
            <param index="1">
              <value>
                <![CDATA[6]]>
              </value>
            </param>
          </params>
          <reporter-output>
          </reporter-output>
        </test-method> <!-- test2 -->
        <test-method status="PASS" signature="tearDown()[pri:0, instance:com.testng.maven.tests.AppTest@6aaa5eb0]" name="tearDown" is-config="true" duration-ms="728" started-at="2020-01-31T19:36:28Z" finished-at="2020-01-31T19:36:29Z">
          <reporter-output>
          </reporter-output>
        </test-method> <!-- tearDown -->
        <test-method status="PASS" signature="setUp()[pri:0, instance:com.testng.maven.tests.AppTest@6aaa5eb0]" name="setUp" is-config="true" duration-ms="5611" started-at="2020-01-31T19:36:29Z" finished-at="2020-01-31T19:36:35Z">
          <reporter-output>
          </reporter-output>
        </test-method> <!-- setUp -->
        <test-method status="PASS" signature="test3(java.lang.String, java.lang.String)[pri:0, instance:com.testng.maven.tests.AppTest@6aaa5eb0]" name="test3" duration-ms="522" started-at="2020-01-31T19:36:35Z" data-provider="Test3Data" finished-at="2020-01-31T19:36:35Z">
          <params>
            <param index="0">
              <value>
                <![CDATA[Option 1]]>
              </value>
            </param>
            <param index="1">
              <value>
                <![CDATA[Option 3]]>
              </value>
            </param>
          </params>
          <reporter-output>
          </reporter-output>
        </test-method> <!-- test3 -->
        <test-method status="PASS" signature="tearDown()[pri:0, instance:com.testng.maven.tests.AppTest@6aaa5eb0]" name="tearDown" is-config="true" duration-ms="710" started-at="2020-01-31T19:36:35Z" finished-at="2020-01-31T19:36:36Z">
          <reporter-output>
          </reporter-output>
        </test-method> <!-- tearDown -->
        <test-method status="PASS" signature="setUp()[pri:0, instance:com.testng.maven.tests.AppTest@6aaa5eb0]" name="setUp" is-config="true" duration-ms="6015" started-at="2020-01-31T19:36:36Z" finished-at="2020-01-31T19:36:42Z">
          <reporter-output>
          </reporter-output>
        </test-method> <!-- setUp -->
        <test-method status="PASS" signature="test4()[pri:0, instance:com.testng.maven.tests.AppTest@6aaa5eb0]" name="test4" duration-ms="274" started-at="2020-01-31T19:36:42Z" finished-at="2020-01-31T19:36:42Z">
          <reporter-output>
          </reporter-output>
        </test-method> <!-- test4 -->
        <test-method status="PASS" signature="tearDown()[pri:0, instance:com.testng.maven.tests.AppTest@6aaa5eb0]" name="tearDown" is-config="true" duration-ms="874" started-at="2020-01-31T19:36:42Z" finished-at="2020-01-31T19:36:43Z">
          <reporter-output>
          </reporter-output>
        </test-method> <!-- tearDown -->
        <test-method status="PASS" signature="setUp()[pri:0, instance:com.testng.maven.tests.AppTest@6aaa5eb0]" name="setUp" is-config="true" duration-ms="5898" started-at="2020-01-31T19:36:43Z" finished-at="2020-01-31T19:36:49Z">
          <reporter-output>
          </reporter-output>
        </test-method> <!-- setUp -->
        <test-method status="PASS" signature="test5(java.lang.String)[pri:0, instance:com.testng.maven.tests.AppTest@6aaa5eb0]" name="test5" duration-ms="8034" started-at="2020-01-31T19:36:49Z" data-provider="Test5Data" finished-at="2020-01-31T19:36:57Z">
          <params>
            <param index="0">
              <value>
                <![CDATA[You clicked a button!]]>
              </value>
            </param>
          </params>
          <reporter-output>
          </reporter-output>
        </test-method> <!-- test5 -->
        <test-method status="PASS" signature="tearDown()[pri:0, instance:com.testng.maven.tests.AppTest@6aaa5eb0]" name="tearDown" is-config="true" duration-ms="960" started-at="2020-01-31T19:36:57Z" finished-at="2020-01-31T19:36:58Z">
          <reporter-output>
          </reporter-output>
        </test-method> <!-- tearDown -->
        <test-method status="PASS" signature="setUp()[pri:0, instance:com.testng.maven.tests.AppTest@6aaa5eb0]" name="setUp" is-config="true" duration-ms="6260" started-at="2020-01-31T19:36:58Z" finished-at="2020-01-31T19:37:04Z">
          <reporter-output>
          </reporter-output>
        </test-method> <!-- setUp -->
        <test-method status="PASS" signature="test6(int, int, java.lang.String)[pri:0, instance:com.testng.maven.tests.AppTest@6aaa5eb0]" name="test6" duration-ms="153" started-at="2020-01-31T19:37:04Z" data-provider="Test6Data" finished-at="2020-01-31T19:37:04Z">
          <params>
            <param index="0">
              <value>
                <![CDATA[2]]>
              </value>
            </param>
            <param index="1">
              <value>
                <![CDATA[2]]>
              </value>
            </param>
            <param index="2">
              <value>
                <![CDATA[Ventosanzap]]>
              </value>
            </param>
          </params>
          <reporter-output>
          </reporter-output>
        </test-method> <!-- test6 -->
        <test-method status="PASS" signature="tearDown()[pri:0, instance:com.testng.maven.tests.AppTest@6aaa5eb0]" name="tearDown" is-config="true" duration-ms="779" started-at="2020-01-31T19:37:04Z" finished-at="2020-01-31T19:37:05Z">
          <reporter-output>
          </reporter-output>
        </test-method> <!-- tearDown -->
      </class> <!-- com.testng.maven.tests.AppTest -->
    </test> <!-- Command line test -->
  </suite> <!-- com.testng.maven.tests.AppTest -->
</testng-results>
